# JRE version: Java(TM) SE Runtime Environment (8.0_131-b11) (build 1.8.0_131-b11)
# Java VM: Java HotSpot(TM) 64-Bit Server VM (25.131-b11 mixed mode windows-amd64 compressed oops)
Heap:
 PSYoungGen      total 663552K, used 78478K [0x00000000d5f00000, 0x00000000fff00000, 0x0000000100000000)
  eden space 641024K, 10% used [0x00000000d5f00000,0x00000000da12aea8,0x00000000fd100000)
  from space 22528K, 47% used [0x00000000fe900000,0x00000000ff378a48,0x00000000fff00000)
  to   space 23552K, 0% used [0x00000000fd100000,0x00000000fd100000,0x00000000fe800000)
 ParOldGen       total 194048K, used 132235K [0x0000000081c00000, 0x000000008d980000, 0x00000000d5f00000)
  object space 194048K, 68% used [0x0000000081c00000,0x0000000089d22e38,0x000000008d980000)
 Metaspace       used 43212K, capacity 45434K, committed 45568K, reserved 1089536K
  class space    used 5408K, capacity 6121K, committed 6144K, reserved 1048576K
GC Heap History (10 events):
Event: 217.290 GC heap before
{Heap before GC invocations=79 (full 3):
 PSYoungGen      total 662528K, used 639936K [0x00000000d5f00000, 0x00000000ffe80000, 0x0000000100000000)
  eden space 639488K, 100% used [0x00000000d5f00000,0x00000000fcf80000,0x00000000fcf80000)
  from space 23040K, 1% used [0x00000000fcf80000,0x00000000fcff0000,0x00000000fe600000)
  to   space 22016K, 0% used [0x00000000fe900000,0x00000000fe900000,0x00000000ffe80000)
 ParOldGen       total 194048K, used 104401K [0x0000000081c00000, 0x000000008d980000, 0x00000000d5f00000)
  object space 194048K, 53% used [0x0000000081c00000,0x00000000881f4490,0x000000008d980000)
 Metaspace       used 38827K, capacity 40672K, committed 40960K, reserved 1085440K
  class space    used 4896K, capacity 5568K, committed 5632K, reserved 1048576K
Event: 217.295 GC heap after
Heap after GC invocations=79 (full 3):
 PSYoungGen      total 663552K, used 448K [0x00000000d5f00000, 0x00000000ffc00000, 0x0000000100000000)
  eden space 644096K, 0% used [0x00000000d5f00000,0x00000000d5f00000,0x00000000fd400000)
  from space 19456K, 2% used [0x00000000fe900000,0x00000000fe970000,0x00000000ffc00000)
  to   space 20480K, 0% used [0x00000000fd400000,0x00000000fd400000,0x00000000fe800000)
 ParOldGen       total 194048K, used 104449K [0x0000000081c00000, 0x000000008d980000, 0x00000000d5f00000)
  object space 194048K, 53% used [0x0000000081c00000,0x0000000088200490,0x000000008d980000)
 Metaspace       used 38827K, capacity 40672K, committed 40960K, reserved 1085440K
  class space    used 4896K, capacity 5568K, committed 5632K, reserved 1048576K
}
Event: 218.313 GC heap before
{Heap before GC invocations=80 (full 3):
 PSYoungGen      total 663552K, used 644544K [0x00000000d5f00000, 0x00000000ffc00000, 0x0000000100000000)
  eden space 644096K, 100% used [0x00000000d5f00000,0x00000000fd400000,0x00000000fd400000)
  from space 19456K, 2% used [0x00000000fe900000,0x00000000fe970000,0x00000000ffc00000)
  to   space 20480K, 0% used [0x00000000fd400000,0x00000000fd400000,0x00000000fe800000)
 ParOldGen       total 194048K, used 104449K [0x0000000081c00000, 0x000000008d980000, 0x00000000d5f00000)
  object space 194048K, 53% used [0x0000000081c00000,0x0000000088200490,0x000000008d980000)
 Metaspace       used 38835K, capacity 40676K, committed 40960K, reserved 1085440K
  class space    used 4896K, capacity 5568K, committed 5632K, reserved 1048576K
Event: 218.319 GC heap after
Heap after GC invocations=80 (full 3):
 PSYoungGen      total 664576K, used 864K [0x00000000d5f00000, 0x00000000fff00000, 0x0000000100000000)
  eden space 644096K, 0% used [0x00000000d5f00000,0x00000000d5f00000,0x00000000fd400000)
  from space 20480K, 4% used [0x00000000fd400000,0x00000000fd4d8000,0x00000000fe800000)
  to   space 19456K, 0% used [0x00000000fec00000,0x00000000fec00000,0x00000000fff00000)
 ParOldGen       total 194048K, used 104465K [0x0000000081c00000, 0x000000008d980000, 0x00000000d5f00000)
  object space 194048K, 53% used [0x0000000081c00000,0x0000000088204490,0x000000008d980000)
 Metaspace       used 38835K, capacity 40676K, committed 40960K, reserved 1085440K
  class space    used 4896K, capacity 5568K, committed 5632K, reserved 1048576K
}
Event: 229.146 GC heap before
{Heap before GC invocations=81 (full 3):
 PSYoungGen      total 664576K, used 644960K [0x00000000d5f00000, 0x00000000fff00000, 0x0000000100000000)
  eden space 644096K, 100% used [0x00000000d5f00000,0x00000000fd400000,0x00000000fd400000)
  from space 20480K, 4% used [0x00000000fd400000,0x00000000fd4d8000,0x00000000fe800000)
  to   space 19456K, 0% used [0x00000000fec00000,0x00000000fec00000,0x00000000fff00000)
 ParOldGen       total 194048K, used 104465K [0x0000000081c00000, 0x000000008d980000, 0x00000000d5f00000)
  object space 194048K, 53% used [0x0000000081c00000,0x0000000088204490,0x000000008d980000)
 Metaspace       used 40009K, capacity 41866K, committed 42112K, reserved 1085440K
  class space    used 5058K, capacity 5729K, committed 5760K, reserved 1048576K
Event: 229.181 GC heap after
Heap after GC invocations=81 (full 3):
 PSYoungGen      total 659456K, used 19443K [0x00000000d5f00000, 0x0000000100000000, 0x0000000100000000)
  eden space 640000K, 0% used [0x00000000d5f00000,0x00000000d5f00000,0x00000000fd000000)
  from space 19456K, 99% used [0x00000000fec00000,0x00000000ffefcca0,0x00000000fff00000)
  to   space 24576K, 0% used [0x00000000fd000000,0x00000000fd000000,0x00000000fe800000)
 ParOldGen       total 194048K, used 106603K [0x0000000081c00000, 0x000000008d980000, 0x00000000d5f00000)
  object space 194048K, 54% used [0x0000000081c00000,0x000000008841aef8,0x000000008d980000)
 Metaspace       used 40009K, capacity 41866K, committed 42112K, reserved 1085440K
  class space    used 5058K, capacity 5729K, committed 5760K, reserved 1048576K
}
Event: 234.996 GC heap before
{Heap before GC invocations=82 (full 3):
 PSYoungGen      total 659456K, used 659443K [0x00000000d5f00000, 0x0000000100000000, 0x0000000100000000)
  eden space 640000K, 100% used [0x00000000d5f00000,0x00000000fd000000,0x00000000fd000000)
  from space 19456K, 99% used [0x00000000fec00000,0x00000000ffefcca0,0x00000000fff00000)
  to   space 24576K, 0% used [0x00000000fd000000,0x00000000fd000000,0x00000000fe800000)
 ParOldGen       total 194048K, used 106603K [0x0000000081c00000, 0x000000008d980000, 0x00000000d5f00000)
  object space 194048K, 54% used [0x0000000081c00000,0x000000008841aef8,0x000000008d980000)
 Metaspace       used 42625K, capacity 44512K, committed 45056K, reserved 1087488K
  class space    used 5353K, capacity 6026K, committed 6144K, reserved 1048576K
Event: 235.038 GC heap after
Heap after GC invocations=82 (full 3):
 PSYoungGen      total 664576K, used 7530K [0x00000000d5f00000, 0x0000000100000000, 0x0000000100000000)
  eden space 640000K, 0% used [0x00000000d5f00000,0x00000000d5f00000,0x00000000fd000000)
  from space 24576K, 30% used [0x00000000fd000000,0x00000000fd75a9b0,0x00000000fe800000)
  to   space 23552K, 0% used [0x00000000fe900000,0x00000000fe900000,0x0000000100000000)
 ParOldGen       total 194048K, used 126372K [0x0000000081c00000, 0x000000008d980000, 0x00000000d5f00000)
  object space 194048K, 65% used [0x0000000081c00000,0x0000000089769008,0x000000008d980000)
 Metaspace       used 42625K, capacity 44512K, committed 45056K, reserved 1087488K
  class space    used 5353K, capacity 6026K, committed 6144K, reserved 1048576K
}
Event: 242.169 GC heap before
{Heap before GC invocations=83 (full 3):
 PSYoungGen      total 664576K, used 647530K [0x00000000d5f00000, 0x0000000100000000, 0x0000000100000000)
  eden space 640000K, 100% used [0x00000000d5f00000,0x00000000fd000000,0x00000000fd000000)
  from space 24576K, 30% used [0x00000000fd000000,0x00000000fd75a9b0,0x00000000fe800000)
  to   space 23552K, 0% used [0x00000000fe900000,0x00000000fe900000,0x0000000100000000)
 ParOldGen       total 194048K, used 126372K [0x0000000081c00000, 0x000000008d980000, 0x00000000d5f00000)
  object space 194048K, 65% used [0x0000000081c00000,0x0000000089769008,0x000000008d980000)
 Metaspace       used 43068K, capacity 45204K, committed 45312K, reserved 1089536K
  class space    used 5395K, capacity 6088K, committed 6144K, reserved 1048576K
Event: 242.195 GC heap after
Heap after GC invocations=83 (full 3):
 PSYoungGen      total 663552K, used 10722K [0x00000000d5f00000, 0x00000000fff00000, 0x0000000100000000)
  eden space 641024K, 0% used [0x00000000d5f00000,0x00000000d5f00000,0x00000000fd100000)
  from space 22528K, 47% used [0x00000000fe900000,0x00000000ff378a48,0x00000000fff00000)
  to   space 23552K, 0% used [0x00000000fd100000,0x00000000fd100000,0x00000000fe800000)
 ParOldGen       total 194048K, used 132235K [0x0000000081c00000, 0x000000008d980000, 0x00000000d5f00000)
  object space 194048K, 68% used [0x0000000081c00000,0x0000000089d22e38,0x000000008d980000)
 Metaspace       used 43068K, capacity 45204K, committed 45312K, reserved 1089536K
  class space    used 5395K, capacity 6088K, committed 6144K, reserved 1048576K
}

